[debug] [2020-03-27T05:01:01.045Z] ----------------------------------------------------------------------
[debug] [2020-03-27T05:01:01.047Z] Command:       C:\Program Files\nodejs\node.exe C:\Users\md_sh\AppData\Roaming\npm\node_modules\firebase-tools\lib\bin\firebase.js deploy --only functions
[debug] [2020-03-27T05:01:01.047Z] CLI Version:   7.16.1
[debug] [2020-03-27T05:01:01.047Z] Platform:      win32
[debug] [2020-03-27T05:01:01.047Z] Node Version:  v11.8.0
[debug] [2020-03-27T05:01:01.048Z] Time:          Fri Mar 27 2020 01:01:01 GMT-0400 (Eastern Daylight Time)
[debug] [2020-03-27T05:01:01.048Z] ----------------------------------------------------------------------
[debug] [2020-03-27T05:01:01.048Z] 
[debug] [2020-03-27T05:01:01.055Z] > command requires scopes: ["email","openid","https://www.googleapis.com/auth/cloudplatformprojects.readonly","https://www.googleapis.com/auth/firebase","https://www.googleapis.com/auth/cloud-platform"]
[debug] [2020-03-27T05:01:01.055Z] > authorizing via signed-in user
[debug] [2020-03-27T05:01:01.055Z] [iam] checking project coronavirusbot19 for permissions ["cloudfunctions.functions.create","cloudfunctions.functions.delete","cloudfunctions.functions.get","cloudfunctions.functions.list","cloudfunctions.functions.update","cloudfunctions.operations.get","firebase.projects.get"]
[debug] [2020-03-27T05:01:01.057Z] >>> HTTP REQUEST POST https://cloudresourcemanager.googleapis.com/v1/projects/coronavirusbot19:testIamPermissions  

[debug] [2020-03-27T05:01:01.315Z] <<< HTTP RESPONSE 200
[info] 
[info] === Deploying to 'coronavirusbot19'...
[info] 
[info] i  deploying functions
[debug] [2020-03-27T05:01:02.649Z] > [functions] package.json contents: {
  "name": "functions",
  "description": "Cloud Functions for Firebase",
  "scripts": {
    "serve": "firebase emulators:start --only functions",
    "shell": "firebase functions:shell",
    "start": "npm run shell",
    "deploy": "firebase deploy --only functions",
    "logs": "firebase functions:log"
  },
  "engines": {
    "node": "8"
  },
  "dependencies": {
    "discord.js": "^12.0.2",
    "dotenv": "^8.2.0",
    "firebase-admin": "^8.6.0",
    "firebase-functions": "^3.3.0"
  },
  "devDependencies": {
    "firebase-functions-test": "^0.1.6"
  },
  "private": true
}
[info] i  functions: ensuring necessary APIs are enabled...
[debug] [2020-03-27T05:01:02.651Z] >>> HTTP REQUEST GET https://serviceusage.googleapis.com/v1/projects/coronavirusbot19/services/cloudfunctions.googleapis.com  
 
[debug] [2020-03-27T05:01:02.651Z] >>> HTTP REQUEST GET https://serviceusage.googleapis.com/v1/projects/coronavirusbot19/services/runtimeconfig.googleapis.com  
 
[debug] [2020-03-27T05:01:02.991Z] <<< HTTP RESPONSE 200
[debug] [2020-03-27T05:01:03.055Z] <<< HTTP RESPONSE 200
[info] +  functions: all necessary APIs are enabled
[debug] [2020-03-27T05:01:03.056Z] >>> HTTP REQUEST GET https://firebase.googleapis.com/v1beta1/projects/coronavirusbot19/adminSdkConfig  
 
[debug] [2020-03-27T05:01:03.306Z] <<< HTTP RESPONSE 200
[info] i  functions: preparing functions directory for uploading...
[debug] [2020-03-27T05:01:03.309Z] >>> HTTP REQUEST GET https://runtimeconfig.googleapis.com/v1beta1/projects/coronavirusbot19/configs  
 
[debug] [2020-03-27T05:01:03.642Z] <<< HTTP RESPONSE 200
[info] i  functions: packaged functions (28.25 KB) for uploading
[debug] [2020-03-27T05:01:04.018Z] >>> HTTP REQUEST POST https://cloudfunctions.googleapis.com/v1/projects/coronavirusbot19/locations/us-central1/functions:generateUploadUrl  
 
[debug] [2020-03-27T05:01:04.833Z] <<< HTTP RESPONSE 200
[debug] [2020-03-27T05:01:04.833Z] >>> HTTP REQUEST PUT https://storage.googleapis.com/gcf-upload-us-central1-b2df9e6f-b4b9-4399-8fa1-0abc38998bb3/80647727-5307-4629-9e0c-58d3aec7eded.zip?GoogleAccessId=service-814043085257@gcf-admin-robot.iam.gserviceaccount.com&Expires=1585287064&Signature=N46A9sGYB7BqxYxJmponkQ7irHEPNhKIcmEdg8EdEjkfBKo8dqjOBvTprDlg3lVBv9vCMlkeU1zh642VYyctvgVA2merpbVftpWU0oHCpsBHtL5WxidqPNHI2jD1okHo6LuO5ynXNM43RHb7JH5PPiqGDc0jF96ynESi3Rrm3DMiaSfoelzilJ4b12pehD9KHa38Q66eoeThVM8I7fWWb%2Fc8NSpa4uCTJToVFqbFbllHDxTnP0H74HJARJ%2F4EI2zPDPa7wHs5GvyZEWnUjTlhxBY2EnzqUvnvoQgI9b6mx6o54LL3B%2FgE0OU0iX9rrBaXeiJV4YONTLwly1JF3fXIA%3D%3D  
 <request body omitted>
[debug] [2020-03-27T05:01:05.152Z] <<< HTTP RESPONSE 200
[info] +  functions: functions folder uploaded successfully
[debug] [2020-03-27T05:01:05.154Z] >>> HTTP REQUEST GET https://cloudfunctions.googleapis.com/v1/projects/coronavirusbot19/locations/-/functions  
 
[debug] [2020-03-27T05:01:05.658Z] <<< HTTP RESPONSE 200
[info] i  functions: updating Node.js 8 function sendDM(us-central1)...
[debug] [2020-03-27T05:01:05.660Z] Trigger is:  {"eventTrigger":{"resource":"projects/coronavirusbot19/databases/(default)/documents/users/{userID}","eventType":"providers/cloud.firestore/eventTypes/document.write","service":"firestore.googleapis.com"}}
[debug] [2020-03-27T05:01:05.661Z] >>> HTTP REQUEST GET https://serviceusage.googleapis.com/v1/projects/coronavirusbot19/services/cloudscheduler.googleapis.com  
 
[debug] [2020-03-27T05:01:05.942Z] <<< HTTP RESPONSE 200
[debug] [2020-03-27T05:01:05.943Z] >>> HTTP REQUEST PATCH https://cloudfunctions.googleapis.com/v1/projects/coronavirusbot19/locations/us-central1/functions/sendDM {"updateMask":"sourceUploadUrl,name,labels,runtime,eventTrigger.resource,eventTrigger.eventType,eventTrigger.service"} 

[debug] [2020-03-27T05:01:06.473Z] <<< HTTP RESPONSE 200
[debug] [2020-03-27T05:01:06.473Z] >>> HTTP REQUEST GET https://cloudfunctions.googleapis.com/v1/operations/Y29yb25hdmlydXNib3QxOS91cy1jZW50cmFsMS9zZW5kRE0vTjZ4TXZtV0FOSDQ  
 
[debug] [2020-03-27T05:01:06.816Z] <<< HTTP RESPONSE 200
[debug] [2020-03-27T05:01:08.816Z] >>> HTTP REQUEST GET https://cloudfunctions.googleapis.com/v1/operations/Y29yb25hdmlydXNib3QxOS91cy1jZW50cmFsMS9zZW5kRE0vTjZ4TXZtV0FOSDQ  
 
[debug] [2020-03-27T05:01:09.146Z] <<< HTTP RESPONSE 200
[debug] [2020-03-27T05:01:11.148Z] >>> HTTP REQUEST GET https://cloudfunctions.googleapis.com/v1/operations/Y29yb25hdmlydXNib3QxOS91cy1jZW50cmFsMS9zZW5kRE0vTjZ4TXZtV0FOSDQ  
 
[debug] [2020-03-27T05:01:11.501Z] <<< HTTP RESPONSE 200
[debug] [2020-03-27T05:01:13.502Z] >>> HTTP REQUEST GET https://cloudfunctions.googleapis.com/v1/operations/Y29yb25hdmlydXNib3QxOS91cy1jZW50cmFsMS9zZW5kRE0vTjZ4TXZtV0FOSDQ  
 
[debug] [2020-03-27T05:01:13.881Z] <<< HTTP RESPONSE 200
[debug] [2020-03-27T05:01:15.882Z] >>> HTTP REQUEST GET https://cloudfunctions.googleapis.com/v1/operations/Y29yb25hdmlydXNib3QxOS91cy1jZW50cmFsMS9zZW5kRE0vTjZ4TXZtV0FOSDQ  
 
[debug] [2020-03-27T05:01:16.254Z] <<< HTTP RESPONSE 200
[debug] [2020-03-27T05:01:18.255Z] >>> HTTP REQUEST GET https://cloudfunctions.googleapis.com/v1/operations/Y29yb25hdmlydXNib3QxOS91cy1jZW50cmFsMS9zZW5kRE0vTjZ4TXZtV0FOSDQ  
 
[debug] [2020-03-27T05:01:18.585Z] <<< HTTP RESPONSE 200
[debug] [2020-03-27T05:01:20.586Z] >>> HTTP REQUEST GET https://cloudfunctions.googleapis.com/v1/operations/Y29yb25hdmlydXNib3QxOS91cy1jZW50cmFsMS9zZW5kRE0vTjZ4TXZtV0FOSDQ  
 
[debug] [2020-03-27T05:01:20.892Z] <<< HTTP RESPONSE 200
[debug] [2020-03-27T05:01:22.893Z] >>> HTTP REQUEST GET https://cloudfunctions.googleapis.com/v1/operations/Y29yb25hdmlydXNib3QxOS91cy1jZW50cmFsMS9zZW5kRE0vTjZ4TXZtV0FOSDQ  
 
